[debug] [2024-08-05T18:57:30.929Z] ----------------------------------------------------------------------
[debug] [2024-08-05T18:57:30.932Z] Command:       C:\Program Files\nodejs\node.exe C:\Users\marcu\AppData\Roaming\npm\node_modules\firebase-tools\lib\bin\firebase.js init
[debug] [2024-08-05T18:57:30.933Z] CLI Version:   13.15.0
[debug] [2024-08-05T18:57:30.933Z] Platform:      win32
[debug] [2024-08-05T18:57:30.933Z] Node Version:  v20.11.1
[debug] [2024-08-05T18:57:30.933Z] Time:          Mon Aug 05 2024 13:57:30 GMT-0500 (Central Daylight Time)
[debug] [2024-08-05T18:57:30.933Z] ----------------------------------------------------------------------
[debug] 
[debug] [2024-08-05T18:57:30.939Z] > command requires scopes: ["email","openid","https://www.googleapis.com/auth/cloudplatformprojects.readonly","https://www.googleapis.com/auth/firebase","https://www.googleapis.com/auth/cloud-platform"]
[debug] [2024-08-05T18:57:30.939Z] > authorizing via signed-in user (workman@prjctlazrus.com)
[info] 
     ######## #### ########  ######## ########     ###     ######  ########
     ##        ##  ##     ## ##       ##     ##  ##   ##  ##       ##
     ######    ##  ########  ######   ########  #########  ######  ######
     ##        ##  ##    ##  ##       ##     ## ##     ##       ## ##
     ##       #### ##     ## ######## ########  ##     ##  ######  ########

You're about to initialize a Firebase project in this directory:

  C:\Users\marcu\NEO\NeoPlus

[info] 
=== Project Setup
[info] 
[info] First, let's associate this project directory with a Firebase project.
[info] You can create multiple project aliases by running firebase use --add, 
[info] but for now we'll just set up a default project.
[info] 
[debug] [2024-08-05T18:57:37.003Z] >>> [apiv2][query] GET https://firebase.googleapis.com/v1beta1/projects pageSize=100
[debug] [2024-08-05T18:57:37.355Z] <<< [apiv2][status] GET https://firebase.googleapis.com/v1beta1/projects 200
[debug] [2024-08-05T18:57:37.355Z] <<< [apiv2][body] GET https://firebase.googleapis.com/v1beta1/projects [omitted]
[info] i  Using project neoplus-8554c (NeoPlus) 
[info] 
=== Database Setup
[info] i  database: ensuring required API firebasedatabase.googleapis.com is enabled... 
[debug] [2024-08-05T18:57:39.877Z] >>> [apiv2][query] GET https://serviceusage.googleapis.com/v1/projects/neoplus-8554c/services/firebasedatabase.googleapis.com [none]
[debug] [2024-08-05T18:57:39.877Z] >>> [apiv2][(partial)header] GET https://serviceusage.googleapis.com/v1/projects/neoplus-8554c/services/firebasedatabase.googleapis.com x-goog-quota-user=projects/neoplus-8554c
[debug] [2024-08-05T18:57:40.181Z] <<< [apiv2][status] GET https://serviceusage.googleapis.com/v1/projects/neoplus-8554c/services/firebasedatabase.googleapis.com 200
[debug] [2024-08-05T18:57:40.181Z] <<< [apiv2][body] GET https://serviceusage.googleapis.com/v1/projects/neoplus-8554c/services/firebasedatabase.googleapis.com [omitted]
[info] +  database: required API firebasedatabase.googleapis.com is enabled 
[info] 
[debug] [2024-08-05T18:57:40.182Z] >>> [apiv2][query] GET https://firebasedatabase.googleapis.com/v1beta/projects/neoplus-8554c/locations/-/instances/neoplus-8554c-default-rtdb [none]
[debug] [2024-08-05T18:57:40.481Z] <<< [apiv2][status] GET https://firebasedatabase.googleapis.com/v1beta/projects/neoplus-8554c/locations/-/instances/neoplus-8554c-default-rtdb 200
[debug] [2024-08-05T18:57:40.481Z] <<< [apiv2][body] GET https://firebasedatabase.googleapis.com/v1beta/projects/neoplus-8554c/locations/-/instances/neoplus-8554c-default-rtdb {"name":"projects/787047845402/locations/us-central1/instances/neoplus-8554c-default-rtdb","project":"projects/787047845402","databaseUrl":"https://neoplus-8554c-default-rtdb.firebaseio.com","type":"DEFAULT_DATABASE","state":"ACTIVE"}
[info] 
[info] Firebase Realtime Database Security Rules allow you to define how your data should be
[info] structured and when your data can be read from and written to.
[info] 
[debug] [2024-08-05T18:57:46.116Z] >>> [apiv2][query] GET https://neoplus-8554c-default-rtdb.firebaseio.com/.settings/rules.json [none]
[debug] [2024-08-05T18:57:46.302Z] <<< [apiv2][status] GET https://neoplus-8554c-default-rtdb.firebaseio.com/.settings/rules.json 200
[debug] [2024-08-05T18:57:46.302Z] <<< [apiv2][body] GET https://neoplus-8554c-default-rtdb.firebaseio.com/.settings/rules.json [stream]
[info] +  Database Rules for neoplus-8554c-default-rtdb have been written to database.rules.json. 
[info] Future modifications to database.rules.json will update Realtime Database Security Rules when you run
[info] firebase deploy.
[info] 
=== Firestore Setup
[debug] [2024-08-05T18:57:46.305Z] >>> [apiv2][query] GET https://serviceusage.googleapis.com/v1/projects/neoplus-8554c/services/firestore.googleapis.com [none]
[debug] [2024-08-05T18:57:46.305Z] >>> [apiv2][(partial)header] GET https://serviceusage.googleapis.com/v1/projects/neoplus-8554c/services/firestore.googleapis.com x-goog-quota-user=projects/neoplus-8554c
[debug] [2024-08-05T18:57:46.545Z] <<< [apiv2][status] GET https://serviceusage.googleapis.com/v1/projects/neoplus-8554c/services/firestore.googleapis.com 200
[debug] [2024-08-05T18:57:46.545Z] <<< [apiv2][body] GET https://serviceusage.googleapis.com/v1/projects/neoplus-8554c/services/firestore.googleapis.com [omitted]
[debug] [2024-08-05T18:57:46.546Z] >>> [apiv2][query] GET https://firestore.googleapis.com/v1/projects/neoplus-8554c/databases/(default) [none]
[debug] [2024-08-05T18:57:46.723Z] <<< [apiv2][status] GET https://firestore.googleapis.com/v1/projects/neoplus-8554c/databases/(default) 200
[debug] [2024-08-05T18:57:46.723Z] <<< [apiv2][body] GET https://firestore.googleapis.com/v1/projects/neoplus-8554c/databases/(default) {"name":"projects/neoplus-8554c/databases/(default)","uid":"8aeacebb-5ab7-45c7-9761-6d3c05e81525","createTime":"2024-08-05T18:41:48.560268Z","updateTime":"2024-08-05T18:41:48.560268Z","locationId":"nam5","type":"FIRESTORE_NATIVE","concurrencyMode":"PESSIMISTIC","versionRetentionPeriod":"3600s","earliestVersionTime":"2024-08-05T18:41:48.560268Z","appEngineIntegrationMode":"DISABLED","keyPrefix":"s","pointInTimeRecoveryEnablement":"POINT_IN_TIME_RECOVERY_DISABLED","deleteProtectionState":"DELETE_PROTECTION_DISABLED","etag":"IO3o84XE3ocDMIfL2dzA3ocD"}
[debug] [2024-08-05T18:57:46.723Z] database_type: FIRESTORE_NATIVE
[debug] [2024-08-05T18:57:46.724Z] > command requires scopes: ["email","openid","https://www.googleapis.com/auth/cloudplatformprojects.readonly","https://www.googleapis.com/auth/firebase","https://www.googleapis.com/auth/cloud-platform"]
[debug] [2024-08-05T18:57:46.724Z] > authorizing via signed-in user (workman@prjctlazrus.com)
[debug] [2024-08-05T18:57:46.724Z] [iam] checking project neoplus-8554c for permissions ["firebase.projects.get"]
[debug] [2024-08-05T18:57:46.724Z] >>> [apiv2][query] POST https://cloudresourcemanager.googleapis.com/v1/projects/neoplus-8554c:testIamPermissions [none]
[debug] [2024-08-05T18:57:46.724Z] >>> [apiv2][(partial)header] POST https://cloudresourcemanager.googleapis.com/v1/projects/neoplus-8554c:testIamPermissions x-goog-quota-user=projects/neoplus-8554c
[debug] [2024-08-05T18:57:46.724Z] >>> [apiv2][body] POST https://cloudresourcemanager.googleapis.com/v1/projects/neoplus-8554c:testIamPermissions {"permissions":["firebase.projects.get"]}
[debug] [2024-08-05T18:57:46.902Z] <<< [apiv2][status] POST https://cloudresourcemanager.googleapis.com/v1/projects/neoplus-8554c:testIamPermissions 200
[debug] [2024-08-05T18:57:46.902Z] <<< [apiv2][body] POST https://cloudresourcemanager.googleapis.com/v1/projects/neoplus-8554c:testIamPermissions {"permissions":["firebase.projects.get"]}
[info] 
[info] Firestore Security Rules allow you to define how and when to allow
[info] requests. You can keep these rules in your project directory
[info] and publish them with firebase deploy.
[info] 
[debug] [2024-08-05T18:57:49.730Z] >>> [apiv2][query] GET https://firebaserules.googleapis.com/v1/projects/neoplus-8554c/releases pageSize=10&pageToken=
[debug] [2024-08-05T18:57:49.874Z] <<< [apiv2][status] GET https://firebaserules.googleapis.com/v1/projects/neoplus-8554c/releases 200
[debug] [2024-08-05T18:57:49.874Z] <<< [apiv2][body] GET https://firebaserules.googleapis.com/v1/projects/neoplus-8554c/releases {"releases":[{"name":"projects/neoplus-8554c/releases/cloud.firestore","rulesetName":"projects/neoplus-8554c/rulesets/182cff53-444e-42f2-aa6f-7e0fd98df7ee","createTime":"2024-08-05T18:41:49.738054Z","updateTime":"2024-08-05T18:41:49.738054Z"}]}
[debug] [2024-08-05T18:57:49.874Z] Found ruleset: projects/neoplus-8554c/rulesets/182cff53-444e-42f2-aa6f-7e0fd98df7ee
[debug] [2024-08-05T18:57:49.875Z] >>> [apiv2][query] GET https://firebaserules.googleapis.com/v1/projects/neoplus-8554c/rulesets/182cff53-444e-42f2-aa6f-7e0fd98df7ee [none]
[debug] [2024-08-05T18:57:49.983Z] <<< [apiv2][status] GET https://firebaserules.googleapis.com/v1/projects/neoplus-8554c/rulesets/182cff53-444e-42f2-aa6f-7e0fd98df7ee 200
[debug] [2024-08-05T18:57:49.983Z] <<< [apiv2][body] GET https://firebaserules.googleapis.com/v1/projects/neoplus-8554c/rulesets/182cff53-444e-42f2-aa6f-7e0fd98df7ee [omitted]
[info] 
[info] Firestore indexes allow you to perform complex queries while
[info] maintaining performance that scales with the size of the result
[info] set. You can keep index definitions in your project directory
[info] and publish them with firebase deploy.
[info] 
[debug] [2024-08-05T18:57:52.375Z] >>> [apiv2][query] GET https://firestore.googleapis.com/v1/projects/neoplus-8554c/databases/(default)/collectionGroups/-/indexes [none]
[debug] [2024-08-05T18:57:52.376Z] >>> [apiv2][query] GET https://firestore.googleapis.com/v1/projects/neoplus-8554c/databases/(default)/collectionGroups/-/fields?filter=indexConfig.usesAncestorConfig=false OR ttlConfig:* [none]
[debug] [2024-08-05T18:57:52.550Z] <<< [apiv2][status] GET https://firestore.googleapis.com/v1/projects/neoplus-8554c/databases/(default)/collectionGroups/-/fields?filter=indexConfig.usesAncestorConfig=false OR ttlConfig:* 200
[debug] [2024-08-05T18:57:52.550Z] <<< [apiv2][body] GET https://firestore.googleapis.com/v1/projects/neoplus-8554c/databases/(default)/collectionGroups/-/fields?filter=indexConfig.usesAncestorConfig=false OR ttlConfig:* {"fields":[{"name":"projects/neoplus-8554c/databases/(default)/collectionGroups/__default__/fields/*","indexConfig":{"indexes":[{"queryScope":"COLLECTION","fields":[{"fieldPath":"*","order":"ASCENDING"}],"state":"READY"},{"queryScope":"COLLECTION","fields":[{"fieldPath":"*","order":"DESCENDING"}],"state":"READY"},{"queryScope":"COLLECTION","fields":[{"fieldPath":"*","arrayConfig":"CONTAINS"}],"state":"READY"}]}}]}
[debug] [2024-08-05T18:57:52.563Z] <<< [apiv2][status] GET https://firestore.googleapis.com/v1/projects/neoplus-8554c/databases/(default)/collectionGroups/-/indexes 200
[debug] [2024-08-05T18:57:52.563Z] <<< [apiv2][body] GET https://firestore.googleapis.com/v1/projects/neoplus-8554c/databases/(default)/collectionGroups/-/indexes {}
[info] 
=== Functions Setup
[debug] [2024-08-05T18:57:52.565Z] > command requires scopes: ["email","openid","https://www.googleapis.com/auth/cloudplatformprojects.readonly","https://www.googleapis.com/auth/firebase","https://www.googleapis.com/auth/cloud-platform"]
[debug] [2024-08-05T18:57:52.565Z] > authorizing via signed-in user (workman@prjctlazrus.com)
[debug] [2024-08-05T18:57:52.565Z] [iam] checking project neoplus-8554c for permissions ["firebase.projects.get"]
[debug] [2024-08-05T18:57:52.565Z] >>> [apiv2][query] POST https://cloudresourcemanager.googleapis.com/v1/projects/neoplus-8554c:testIamPermissions [none]
[debug] [2024-08-05T18:57:52.565Z] >>> [apiv2][(partial)header] POST https://cloudresourcemanager.googleapis.com/v1/projects/neoplus-8554c:testIamPermissions x-goog-quota-user=projects/neoplus-8554c
[debug] [2024-08-05T18:57:52.565Z] >>> [apiv2][body] POST https://cloudresourcemanager.googleapis.com/v1/projects/neoplus-8554c:testIamPermissions {"permissions":["firebase.projects.get"]}
[debug] [2024-08-05T18:57:52.715Z] <<< [apiv2][status] POST https://cloudresourcemanager.googleapis.com/v1/projects/neoplus-8554c:testIamPermissions 200
[debug] [2024-08-05T18:57:52.715Z] <<< [apiv2][body] POST https://cloudresourcemanager.googleapis.com/v1/projects/neoplus-8554c:testIamPermissions {"permissions":["firebase.projects.get"]}
[debug] [2024-08-05T18:57:52.716Z] >>> [apiv2][query] GET https://serviceusage.googleapis.com/v1/projects/neoplus-8554c/services/cloudfunctions.googleapis.com [none]
[debug] [2024-08-05T18:57:52.716Z] >>> [apiv2][(partial)header] GET https://serviceusage.googleapis.com/v1/projects/neoplus-8554c/services/cloudfunctions.googleapis.com x-goog-quota-user=projects/neoplus-8554c
[debug] [2024-08-05T18:57:52.718Z] >>> [apiv2][query] GET https://serviceusage.googleapis.com/v1/projects/neoplus-8554c/services/runtimeconfig.googleapis.com [none]
[debug] [2024-08-05T18:57:52.718Z] >>> [apiv2][(partial)header] GET https://serviceusage.googleapis.com/v1/projects/neoplus-8554c/services/runtimeconfig.googleapis.com x-goog-quota-user=projects/neoplus-8554c
[debug] [2024-08-05T18:57:52.936Z] <<< [apiv2][status] GET https://serviceusage.googleapis.com/v1/projects/neoplus-8554c/services/cloudfunctions.googleapis.com 200
[debug] [2024-08-05T18:57:52.936Z] <<< [apiv2][body] GET https://serviceusage.googleapis.com/v1/projects/neoplus-8554c/services/cloudfunctions.googleapis.com [omitted]
[debug] [2024-08-05T18:57:52.936Z] <<< [apiv2][status] GET https://serviceusage.googleapis.com/v1/projects/neoplus-8554c/services/runtimeconfig.googleapis.com 200
[debug] [2024-08-05T18:57:52.936Z] <<< [apiv2][body] GET https://serviceusage.googleapis.com/v1/projects/neoplus-8554c/services/runtimeconfig.googleapis.com [omitted]
[info] Let's create a new codebase for your functions.
[info] A directory corresponding to the codebase will be created in your project
[info] with sample code pre-configured.

[info] See https://firebase.google.com/docs/functions/organize-functions for
[info] more information on organizing your functions using codebases.

[info] Functions can be deployed with firebase deploy.

[info] +  Wrote functions/package.json 
[info] +  Wrote functions/.eslintrc.js 
[info] +  Wrote functions/tsconfig.json 
[info] +  Wrote functions/tsconfig.dev.json 
[info] +  Wrote functions/src/index.ts 
[info] +  Wrote functions/.gitignore 
[info] 
=== Hosting Setup
[debug] [2024-08-05T18:58:03.367Z] >>> [apiv2][query] GET https://firebase.googleapis.com/v1beta1/projects/neoplus-8554c [none]
[debug] [2024-08-05T18:58:03.576Z] <<< [apiv2][status] GET https://firebase.googleapis.com/v1beta1/projects/neoplus-8554c 200
[debug] [2024-08-05T18:58:03.576Z] <<< [apiv2][body] GET https://firebase.googleapis.com/v1beta1/projects/neoplus-8554c {"projectId":"neoplus-8554c","projectNumber":"787047845402","displayName":"NeoPlus","name":"projects/neoplus-8554c","resources":{"hostingSite":"neoplus-8554c","realtimeDatabaseInstance":"neoplus-8554c-default-rtdb"},"state":"ACTIVE","etag":"1_203d4737-1dde-445c-83c2-2e1c411473cb"}
[info] 
[info] Your public directory is the folder (relative to your project directory) that
[info] will contain Hosting assets to be uploaded with firebase deploy. If you
[info] have a build process for your assets, use your build's output directory.
[info] 
[debug] [2024-08-05T18:58:11.175Z] >>> [apiv2][query] GET https://www.gstatic.com/firebasejs/releases.json [none]
[debug] [2024-08-05T18:58:11.234Z] <<< [apiv2][status] GET https://www.gstatic.com/firebasejs/releases.json 200
[debug] [2024-08-05T18:58:11.234Z] <<< [apiv2][body] GET https://www.gstatic.com/firebasejs/releases.json {"current":{"version":"10.12.5","browserURL":"https://www.gstatic.com/firebasejs/10.12.5/firebase.js","packageURL":"https://www.gstatic.com/firebasejs/10.12.5/firebase.tgz"},"live":{"version":"10.12","browserURL":"https://www.gstatic.com/firebasejs/live/10.12/firebase.js","packageURL":"https://www.gstatic.com/firebasejs/live/10.12/firebase.tgz"},"components":{"analytics":"https://www.gstatic.com/firebasejs/10.12.5/firebase-analytics.js","app":"https://www.gstatic.com/firebasejs/10.12.5/firebase-app.js","app-check":"https://www.gstatic.com/firebasejs/10.12.5/firebase-app-check.js","auth":"https://www.gstatic.com/firebasejs/10.12.5/firebase-auth.js","auth/cordova":"https://www.gstatic.com/firebasejs/10.12.5/firebase-auth/cordova.js","auth/web-extension":"https://www.gstatic.com/firebasejs/10.12.5/firebase-auth/web-extension.js","functions":"https://www.gstatic.com/firebasejs/10.12.5/firebase-functions.js","firestore":"https://www.gstatic.com/firebasejs/10.12.5/firebase-firestore.js","firestore/lite":"https://www.gstatic.com/firebasejs/10.12.5/firebase-firestore/lite.js","installations":"https://www.gstatic.com/firebasejs/10.12.5/firebase-installations.js","storage":"https://www.gstatic.com/firebasejs/10.12.5/firebase-storage.js","performance":"https://www.gstatic.com/firebasejs/10.12.5/firebase-performance.js","remote-config":"https://www.gstatic.com/firebasejs/10.12.5/firebase-remote-config.js","messaging":"https://www.gstatic.com/firebasejs/10.12.5/firebase-messaging.js","messaging/sw":"https://www.gstatic.com/firebasejs/10.12.5/firebase-messaging/sw.js","database":"https://www.gstatic.com/firebasejs/10.12.5/firebase-database.js","vertexai-preview":"https://www.gstatic.com/firebasejs/10.12.5/firebase-vertexai-preview.js","firestore.memory":"https://www.gstatic.com/firebasejs/10.12.5/firebase-firestore.memory.js"}}
[info] +  Wrote public/index.html 
[info] 
[info] i  Detected a .git folder at C:\Users\marcu\NEO\NeoPlus 
[info] i  Authorizing with GitHub to upload your service account to a GitHub repository's secrets store. 
[info] 
[info] Visit this URL on this device to log in:
[info] https://github.com/login/oauth/authorize?client_id=89cf50f02ac6aaed3484&state=913590506&redirect_uri=http%3A%2F%2Flocalhost%3A9005&scope=read%3Auser%20repo%20public_repo
[info] 
[info] Waiting for authentication...
[debug] [2024-08-05T18:58:12.372Z] >>> [apiv2][query] POST https://github.com/login/oauth/access_token [none]
[debug] [2024-08-05T18:58:12.372Z] >>> [apiv2][body] POST https://github.com/login/oauth/access_token [stream]
[debug] [2024-08-05T18:58:12.617Z] <<< [apiv2][status] POST https://github.com/login/oauth/access_token 200
[debug] [2024-08-05T18:58:12.617Z] <<< [apiv2][body] POST https://github.com/login/oauth/access_token {"access_token":"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","token_type":"bearer","scope":"read:user,repo"}
[debug] [2024-08-05T18:58:12.619Z] >>> [apiv2][query] GET https://api.github.com/user [none]
[debug] [2024-08-05T18:58:12.935Z] <<< [apiv2][status] GET https://api.github.com/user 200
[debug] [2024-08-05T18:58:12.935Z] <<< [apiv2][body] GET https://api.github.com/user {"login":"GrihmLord","id":110441397,"node_id":"U_kgDOBpUztQ","avatar_url":"https://avatars.githubusercontent.com/u/110441397?v=4","gravatar_id":"","url":"https://api.github.com/users/GrihmLord","html_url":"https://github.com/GrihmLord","followers_url":"https://api.github.com/users/GrihmLord/followers","following_url":"https://api.github.com/users/GrihmLord/following{/other_user}","gists_url":"https://api.github.com/users/GrihmLord/gists{/gist_id}","starred_url":"https://api.github.com/users/GrihmLord/starred{/owner}{/repo}","subscriptions_url":"https://api.github.com/users/GrihmLord/subscriptions","organizations_url":"https://api.github.com/users/GrihmLord/orgs","repos_url":"https://api.github.com/users/GrihmLord/repos","events_url":"https://api.github.com/users/GrihmLord/events{/privacy}","received_events_url":"https://api.github.com/users/GrihmLord/received_events","type":"User","site_admin":false,"name":"Marcus.","company":null,"blog":"","location":null,"email":null,"hireable":null,"bio":"Pleb.","twitter_username":null,"notification_email":null,"public_repos":4,"public_gists":0,"followers":3,"following":25,"created_at":"2022-08-02T03:25:25Z","updated_at":"2024-05-25T08:11:21Z","private_gists":0,"total_private_repos":6,"owned_private_repos":6,"disk_usage":6502,"collaborators":0,"two_factor_authentication":false,"plan":{"name":"free","space":976562499,"collaborators":0,"private_repos":10000}}
[info] 
[info] +  Success! Logged into GitHub as GrihmLord 
[info] 
[debug] [2024-08-05T18:58:32.292Z] ----------------------------------------------------------------------
[debug] [2024-08-05T18:58:32.297Z] Command:       C:\Program Files\nodejs\node.exe C:\Users\marcu\AppData\Roaming\npm\node_modules\firebase-tools\lib\bin\firebase.js init
[debug] [2024-08-05T18:58:32.297Z] CLI Version:   13.15.0
[debug] [2024-08-05T18:58:32.297Z] Platform:      win32
[debug] [2024-08-05T18:58:32.297Z] Node Version:  v20.11.1
[debug] [2024-08-05T18:58:32.297Z] Time:          Mon Aug 05 2024 13:58:32 GMT-0500 (Central Daylight Time)
[debug] [2024-08-05T18:58:32.297Z] ----------------------------------------------------------------------
[debug] 
[debug] [2024-08-05T18:58:32.302Z] > command requires scopes: ["email","openid","https://www.googleapis.com/auth/cloudplatformprojects.readonly","https://www.googleapis.com/auth/firebase","https://www.googleapis.com/auth/cloud-platform"]
[debug] [2024-08-05T18:58:32.303Z] > authorizing via signed-in user (workman@prjctlazrus.com)
[info] 
     ######## #### ########  ######## ########     ###     ######  ########
     ##        ##  ##     ## ##       ##     ##  ##   ##  ##       ##
     ######    ##  ########  ######   ########  #########  ######  ######
     ##        ##  ##    ##  ##       ##     ## ##     ##       ## ##
     ##       #### ##     ## ######## ########  ##     ##  ######  ########

You're about to initialize a Firebase project in this directory:

  C:\Users\marcu\NEO\NeoPlus

